Unity Editor version:    2020.3.20f1 (41c4e627c95f)
Branch:                  2020.3/staging
Build type:              Release
Batch mode:              YES
macOS version:           Version 12.0.1 (Build 21A559)
Darwin version:          21.1.0
Architecture:            x86_64
Running under Rosetta:   NO
Available memory:        8192 MB
Using pre-set license
Pro License: NO

COMMAND LINE ARGUMENTS:
/Applications/Unity/Unity.app/Contents/MacOS/Unity
-adb2
-batchMode
-noUpm
-name
AssetImportWorker0
-projectPath
/Users/evanli/GitHub/PlantsBookcaseVFX
-logFile
Logs/AssetImportWorker0.log
-srvPort
49453
Successfully changed project path to: /Users/evanli/GitHub/PlantsBookcaseVFX
/Users/evanli/GitHub/PlantsBookcaseVFX
Using Asset Import Pipeline V2.
Refreshing native plugins compatible for Editor in 50.70 ms, found 2 plugins.
Preloading 0 native plugins for Editor in 0.00 ms.
Initialize engine version: 2020.3.20f1 (41c4e627c95f)
[Subsystems] Discovering subsystems at path /Applications/Unity/Unity.app/Contents/Resources/UnitySubsystems
[Subsystems] Discovering subsystems at path /Users/evanli/GitHub/PlantsBookcaseVFX/Assets
GfxDevice: creating device client; threaded=0
2021-11-17 18:00:04.943 Unity[1177:12234] Color LCD preferred device: Intel(R) Iris(TM) Plus Graphics 640 (low power)
2021-11-17 18:00:04.943 Unity[1177:12234] Metal devices available: 1
2021-11-17 18:00:04.944 Unity[1177:12234] 0: Intel(R) Iris(TM) Plus Graphics 640 (low power)
2021-11-17 18:00:04.944 Unity[1177:12234] Using device Intel(R) Iris(TM) Plus Graphics 640 (low power)
Initializing Metal device caps: Intel(R) Iris(TM) Plus Graphics 640
Initialize mono
Mono path[0] = '/Applications/Unity/Unity.app/Contents/Managed'
Mono path[1] = '/Applications/Unity/Unity.app/Contents/MonoBleedingEdge/lib/mono/unityjit'
Mono config path = '/Applications/Unity/Unity.app/Contents/MonoBleedingEdge/etc'
Using monoOptions --debugger-agent=transport=dt_socket,embedding=1,server=y,suspend=n,address=127.0.0.1:56177
Begin MonoManager ReloadAssembly
Registering precompiled unity dll's ...
Register platform support module: /Applications/Unity/Unity.app/Contents/PlaybackEngines/MacStandaloneSupport/UnityEditor.OSXStandalone.Extensions.dll
Registered in 0.001458 seconds.
Native extension for OSXStandalone target not found
Refreshing native plugins compatible for Editor in 48.13 ms, found 2 plugins.
Preloading 0 native plugins for Editor in 0.00 ms.
Mono: successfully reloaded assembly
- Completed reload, in  3.081 seconds
Domain Reload Profiling:
	ReloadAssembly (3081ms)
		BeginReloadAssembly (58ms)
			ExecutionOrderSort (0ms)
			DisableScriptedObjects (0ms)
			BackupInstance (0ms)
			ReleaseScriptingObjects (0ms)
			CreateAndSetChildDomain (1ms)
		EndReloadAssembly (821ms)
			LoadAssemblies (57ms)
			RebuildTransferFunctionScriptingTraits (0ms)
			SetupTypeCache (347ms)
			ReleaseScriptCaches (0ms)
			RebuildScriptCaches (65ms)
			SetupLoadedEditorAssemblies (318ms)
				LogAssemblyErrors (0ms)
				InitializePlatformSupportModulesInManaged (6ms)
				SetLoadedEditorAssemblies (0ms)
				RefreshPlugins (48ms)
				BeforeProcessingInitializeOnLoad (46ms)
				ProcessInitializeOnLoadAttributes (169ms)
				ProcessInitializeOnLoadMethodAttributes (48ms)
				AfterProcessingInitializeOnLoad (0ms)
				EditorAssembliesLoaded (0ms)
			ExecutionOrderSort2 (0ms)
			AwakeInstancesAfterBackupRestoration (0ms)
Platform modules already initialized, skipping
Registering precompiled user dll's ...
Registered in 0.003887 seconds.
Begin MonoManager ReloadAssembly
Native extension for OSXStandalone target not found
Refreshing native plugins compatible for Editor in 0.54 ms, found 2 plugins.
Preloading 0 native plugins for Editor in 0.00 ms.
Mono: successfully reloaded assembly
- Completed reload, in  1.809 seconds
Domain Reload Profiling:
	ReloadAssembly (1811ms)
		BeginReloadAssembly (227ms)
			ExecutionOrderSort (0ms)
			DisableScriptedObjects (9ms)
			BackupInstance (0ms)
			ReleaseScriptingObjects (0ms)
			CreateAndSetChildDomain (33ms)
		EndReloadAssembly (1481ms)
			LoadAssemblies (122ms)
			RebuildTransferFunctionScriptingTraits (0ms)
			SetupTypeCache (506ms)
			ReleaseScriptCaches (1ms)
			RebuildScriptCaches (94ms)
			SetupLoadedEditorAssemblies (571ms)
				LogAssemblyErrors (0ms)
				InitializePlatformSupportModulesInManaged (10ms)
				SetLoadedEditorAssemblies (1ms)
				RefreshPlugins (1ms)
				BeforeProcessingInitializeOnLoad (110ms)
				ProcessInitializeOnLoadAttributes (443ms)
				ProcessInitializeOnLoadMethodAttributes (5ms)
				AfterProcessingInitializeOnLoad (1ms)
				EditorAssembliesLoaded (0ms)
			ExecutionOrderSort2 (0ms)
			AwakeInstancesAfterBackupRestoration (10ms)
Platform modules already initialized, skipping
Validating Project structure ... 0.000217 seconds.
Shader import version has changed; will reimport all shaders...
Upgrading shader files ...0.000325 seconds.
Application.AssetDatabase Initial Script Refresh Start
RefreshInfo: InitialScriptRefreshV2(NoUpdateAssetOptions) scanfilter:  ... 1 filters
RefreshProfiler: Total: 0.000ms
Application.AssetDatabase Initial Script Refresh End
Application.AssetDatabase.Refresh Start
Application.AssetDatabase.Refresh End
RefreshInfo: StopAssetImportingV2(ForceSynchronousImport) scanfilter: 
RefreshProfiler: Total: 0.000ms
Launching external process: /Applications/Unity/Unity.app/Contents/Tools/UnityShaderCompiler
Launched and connected shader compiler UnityShaderCompiler after 0.01 seconds
Initializing Unity extensions:
2021-11-17 18:00:11.212 Unity[1177:12234] NSEventModifierFlagFunction specified to -setKeyEquivalentModifierMask: for item <NSMenuItem: 0x600002a85c00 Font Asset, ke='Command-F12'>, but is only supported for system-provided menu items; will not be used
2021-11-17 18:00:11.216 Unity[1177:12234] NSEventModifierFlagFunction specified to -setKeyEquivalentModifierMask: for item <NSMenuItem: 0x600002af6bc0 Font Asset, ke='Command-F12'>, but is only supported for system-provided menu items; will not be used
========================================================================
Worker process is ready to serve import requests
Refreshing native plugins compatible for Editor in 0.51 ms, found 2 plugins.
Preloading 0 native plugins for Editor in 0.00 ms.
Unloading 1400 Unused Serialized files (Serialized files now loaded: 0)
System memory in use before: 188.6 MB.
System memory in use after: 187.8 MB.

Unloading 77 unused Assets to reduce memory usage. Loaded Objects now: 1874.
Total: 5.539126 ms (FindLiveObjects: 0.292902 ms CreateObjectMapping: 0.094559 ms MarkObjects: 4.412785 ms  DeleteObjects: 0.737587 ms)

AssetImportParameters requested are different than current active one (requested -> active):
  custom:video-decoder-ogg-theora: a1e56fd34408186e4bbccfd4996cb3dc -> 
  custom:container-muxer-webm: aa71ff27fc2769a1b78a27578f13a17b -> 
  custom:container-demuxer-webm: 4f35f7cbe854078d1ac9338744f61a02 -> 
  custom:container-demuxer-ogg: 62fdf1f143b41e24485cea50d1cbac27 -> 
  custom:video-encoder-webm-vp8: eb34c28f22e8b96e1ab97ce403110664 -> 
  custom:framework-osx-AVFoundation: e770b220cccbd017edd2c1fefb359320 -> 
  custom:video-decoder-webm-vp8: 9c59270c3fd7afecdb556c50c9e8de78 -> 
  custom:audio-decoder-ogg-vorbis: bf7c407c2cedff20999df2af8eb42d56 -> 
  custom:audio-encoder-webm-vorbis: bf7c407c2cedff20999df2af8eb42d56 -> 
========================================================================
Received Import Request.
  path: Assets/Scenes
  artifactKey: Guid(3beb952db59d14b7793479b4ed1286fc) Importer(815301076,1909f56bfc062723c751e8b465ee728b)
Start importing Assets/Scenes using Guid(3beb952db59d14b7793479b4ed1286fc) Importer(815301076,1909f56bfc062723c751e8b465ee728b)  -> (artifact id: '3754ed0c5ae0a7ccaf518c41fa35a612') in 0.004618 seconds 
  Import took 0.007808 seconds .

========================================================================
Received Import Request.
  Time since last request: 11.249257 seconds.
  path: Assets/Scripts
  artifactKey: Guid(db837e69f39e14a77b748e7479a75446) Importer(815301076,1909f56bfc062723c751e8b465ee728b)
Start importing Assets/Scripts using Guid(db837e69f39e14a77b748e7479a75446) Importer(815301076,1909f56bfc062723c751e8b465ee728b)  -> (artifact id: 'ec4aef848ca8f0f313c627691c89368a') in 0.003045 seconds 
  Import took 0.007376 seconds .

========================================================================
Received Import Request.
  Time since last request: 8.031088 seconds.
  path: Assets/Sprites
  artifactKey: Guid(320d03988f38e46bdb89e5c9fde4baf5) Importer(815301076,1909f56bfc062723c751e8b465ee728b)
Start importing Assets/Sprites using Guid(320d03988f38e46bdb89e5c9fde4baf5) Importer(815301076,1909f56bfc062723c751e8b465ee728b)  -> (artifact id: '6c8be822cb4794d79adcb6603c5c6d27') in 0.001920 seconds 
  Import took 0.005544 seconds .

========================================================================
Received Import Request.
  Time since last request: 8.187359 seconds.
  path: Assets/Prefabs
  artifactKey: Guid(e9379cbc91c8a482a8af6b3f2f64aa48) Importer(815301076,1909f56bfc062723c751e8b465ee728b)
Start importing Assets/Prefabs using Guid(e9379cbc91c8a482a8af6b3f2f64aa48) Importer(815301076,1909f56bfc062723c751e8b465ee728b)  -> (artifact id: '445843e7c0f16f70216fa8f0f7b401a4') in 0.002738 seconds 
  Import took 0.006133 seconds .

========================================================================
Received Import Request.
  Time since last request: 8.168713 seconds.
  path: Assets/Materials
  artifactKey: Guid(fce09f27761304a6abc36bae0220be9e) Importer(815301076,1909f56bfc062723c751e8b465ee728b)
Start importing Assets/Materials using Guid(fce09f27761304a6abc36bae0220be9e) Importer(815301076,1909f56bfc062723c751e8b465ee728b)  -> (artifact id: '414e64133eab03ef46c86351080836e9') in 0.002556 seconds 
  Import took 0.006161 seconds .

========================================================================
Received Import Request.
  Time since last request: 16.552631 seconds.
  path: Assets/Models
  artifactKey: Guid(becbe46286e494ba0ac2c312e99fbd48) Importer(815301076,1909f56bfc062723c751e8b465ee728b)
Start importing Assets/Models using Guid(becbe46286e494ba0ac2c312e99fbd48) Importer(815301076,1909f56bfc062723c751e8b465ee728b)  -> (artifact id: '31d7388196eeefb7abcad4b2e31c41d0') in 0.002138 seconds 
  Import took 0.005205 seconds .

========================================================================
Received Import Request.
  Time since last request: 5.784898 seconds.
  path: Assets/3D Models
  artifactKey: Guid(becbe46286e494ba0ac2c312e99fbd48) Importer(815301076,1909f56bfc062723c751e8b465ee728b)
Start importing Assets/3D Models using Guid(becbe46286e494ba0ac2c312e99fbd48) Importer(815301076,1909f56bfc062723c751e8b465ee728b)  -> (artifact id: '54552a58555f2874ef5f0a7e44373ebc') in 0.001319 seconds 
  Import took 0.008190 seconds .

